<?xml version="1.0" encoding="UTF-8"?>
<testng-results skipped="0" failed="0" ignored="0" total="1" passed="1">
  <reporter-output>
  </reporter-output>
  <suite name="Default suite" duration-ms="68736" started-at="2020-04-16T11:28:30Z" finished-at="2020-04-16T11:29:39Z">
    <groups>
    </groups>
    <test name="Default test" duration-ms="68736" started-at="2020-04-16T11:28:30Z" finished-at="2020-04-16T11:29:39Z">
      <class name="com.testcases.testcase">
        <test-method status="PASS" signature="start()[pri:0, instance:com.testcases.testcase@3a82f6ef]" name="start" is-config="true" duration-ms="39874" started-at="2020-04-16T16:58:30Z" finished-at="2020-04-16T16:59:10Z">
          <reporter-output>
          </reporter-output>
        </test-method> <!-- start -->
        <test-method status="PASS" signature="Search_Contact()[pri:0, instance:com.testcases.testcase@3a82f6ef]" name="Search_Contact" duration-ms="27448" started-at="2020-04-16T16:59:10Z" finished-at="2020-04-16T16:59:37Z">
          <reporter-output>
          </reporter-output>
        </test-method> <!-- Search_Contact -->
        <test-method status="PASS" signature="close()[pri:0, instance:com.testcases.testcase@3a82f6ef]" name="close" is-config="true" duration-ms="1363" started-at="2020-04-16T16:59:37Z" finished-at="2020-04-16T16:59:39Z">
          <reporter-output>
          </reporter-output>
        </test-method> <!-- close -->
      </class> <!-- com.testcases.testcase -->
    </test> <!-- Default test -->
  </suite> <!-- Default suite -->
</testng-results>
